-------------------------------------------------------------------------------
Test set: GET HTTP Requests
-------------------------------------------------------------------------------
Tests run: 3, Failures: 1, Errors: 0, Skipped: 0, Time elapsed: 3.848 s <<< FAILURE! - in GET HTTP Requests
GET HTTP Requests.invalid id GET request  Time elapsed: 0.427 s  <<< FAILURE!
java.lang.AssertionError: 
1 expectation failed.
Expected status code <404> but was <200>.


