<?xml version="1.0" encoding="UTF-8"?>
<testsuite xmlns:xsi="http://www.w3.org/2001/XMLSchema-instance" xsi:noNamespaceSchemaLocation="https://maven.apache.org/surefire/maven-surefire-plugin/xsd/surefire-test-report-3.0.xsd" version="3.0" name="DELETE HTTP Requests" time="3.344" tests="1" errors="0" skipped="0" failures="1">
  <properties>
[...]
</properties>
  <testcase name="validate status code for DELETE request by id" classname="DELETE HTTP Requests" time="3.344">
    <failure message="1 expectation failed.&#10;Expected status code &lt;201&gt; but was &lt;200&gt;.&#10;" type="java.lang.AssertionError"><![CDATA[java.lang.AssertionError: 
1 expectation failed.
Expected status code <201> but was <200>.

]]></failure>
    <system-out><![CDATA[2022-10-25 18:49:35 INFO  Hooks:15 - --- Start: validate status code for DELETE request by id ---
2022-10-25 18:49:37 INFO  Hooks:15 - POST request made to /skus
2022-10-25 18:49:37 INFO  Hooks:15 - 201 is the expected status code for this request
2022-10-25 18:49:37 INFO  Hooks:15 - 200 is the actual status code for this request
2022-10-25 18:49:38 INFO  Hooks:15 - scenario failed
2022-10-25 18:49:38 INFO  Hooks:15 - --- End: validate status code for DELETE request by id ---
]]></system-out>
  </testcase>
</testsuite>